{
  "RSpec": {
    "coverage": {
      "/home/begnini/Ubuntu One/6_periodo/PI4/projects/receitas_online/spec/support/utilities.rb": [
        1,
        1,
        136,
        136,
        9,
        null,
        127,
        null,
        null,
        1,
        0,
        0,
        0,
        null,
        1,
        0,
        0,
        null,
        null,
        1,
        37,
        null,
        4,
        4,
        4,
        null,
        33,
        33,
        33,
        33,
        null,
        null
      ],
      "/home/begnini/Ubuntu One/6_periodo/PI4/projects/receitas_online/config/routes.rb": [
        1,
        null,
        1,
        1,
        1,
        1,
        1,
        null,
        1,
        1,
        1,
        1,
        1,
        null,
        1,
        1,
        1,
        1,
        1,
        null,
        null,
        1,
        1,
        null,
        null,
        null,
        null,
        null,
        null,
        null,
        null,
        null,
        null,
        null,
        null,
        null,
        null,
        null,
        null,
        null,
        null,
        null,
        null,
        null,
        null,
        null,
        null,
        null,
        null,
        null,
        null,
        null,
        null,
        null,
        null,
        null,
        null,
        null,
        null,
        null,
        null,
        null,
        null,
        null,
        null,
        null,
        null,
        null,
        null,
        null,
        null,
        null,
        null,
        null,
        null,
        null,
        null,
        null,
        null,
        null
      ],
      "/home/begnini/Ubuntu One/6_periodo/PI4/projects/receitas_online/app/models/revenue.rb": [
        1,
        1,
        1,
        89,
        1,
        1,
        1,
        1,
        1,
        1,
        null
      ],
      "/home/begnini/Ubuntu One/6_periodo/PI4/projects/receitas_online/app/models/user.rb": [
        1,
        1,
        164,
        1,
        1,
        1,
        1,
        null,
        null,
        1,
        1,
        null,
        1,
        157,
        null,
        null,
        1,
        714,
        null,
        null,
        1,
        1,
        115,
        null,
        null
      ],
      "/home/begnini/Ubuntu One/6_periodo/PI4/projects/receitas_online/app/models/category.rb": [
        1,
        1,
        null
      ],
      "/home/begnini/Ubuntu One/6_periodo/PI4/projects/receitas_online/app/controllers/users_controller.rb": [
        1,
        null,
        1,
        1,
        1,
        null,
        1,
        12,
        null,
        null,
        1,
        44,
        44,
        null,
        null,
        1,
        7,
        null,
        null,
        1,
        5,
        5,
        4,
        4,
        4,
        null,
        1,
        null,
        null,
        null,
        1,
        null,
        null,
        1,
        5,
        5,
        5,
        null,
        0,
        null,
        null,
        1,
        1,
        1,
        1,
        null,
        1,
        1,
        10,
        null,
        1,
        35,
        4,
        4,
        null,
        null,
        null,
        1,
        17,
        17,
        null,
        1,
        2,
        null,
        null
      ],
      "/home/begnini/Ubuntu One/6_periodo/PI4/projects/receitas_online/app/controllers/application_controller.rb": [
        1,
        1,
        1,
        null,
        null
      ],
      "/home/begnini/Ubuntu One/6_periodo/PI4/projects/receitas_online/app/controllers/categories_controller.rb": [
        1,
        1,
        0,
        0,
        null,
        1,
        0,
        0,
        null,
        null
      ],
      "/home/begnini/Ubuntu One/6_periodo/PI4/projects/receitas_online/app/controllers/static_pages_controller.rb": [
        1,
        1,
        6,
        null,
        null,
        1,
        null,
        null,
        1,
        null,
        null,
        1,
        null,
        null,
        null
      ],
      "/home/begnini/Ubuntu One/6_periodo/PI4/projects/receitas_online/app/controllers/sessions_controller.rb": [
        1,
        1,
        null,
        1,
        37,
        37,
        34,
        34,
        null,
        3,
        3,
        null,
        null,
        null,
        1,
        1,
        1,
        null,
        null,
        null,
        null
      ],
      "/home/begnini/Ubuntu One/6_periodo/PI4/projects/receitas_online/app/controllers/revenues_controller.rb": [
        1,
        null,
        1,
        1,
        null,
        1,
        0,
        null,
        null,
        1,
        3,
        2,
        0,
        0,
        null,
        2,
        null,
        null,
        1,
        0,
        null,
        null,
        1,
        0,
        0,
        null,
        1,
        2,
        null,
        null,
        1,
        0,
        0,
        0,
        0,
        null,
        0,
        null,
        null,
        1,
        0,
        0,
        0,
        null,
        0,
        null,
        0,
        0,
        null,
        0,
        null,
        null,
        null,
        null,
        1,
        1,
        2,
        null,
        1,
        0,
        0,
        null,
        null
      ],
      "/home/begnini/Ubuntu One/6_periodo/PI4/projects/receitas_online/app/helpers/users_helper.rb": [
        1,
        null,
        1,
        150,
        150,
        150,
        150,
        null,
        null,
        null,
        null
      ],
      "/home/begnini/Ubuntu One/6_periodo/PI4/projects/receitas_online/app/helpers/sessions_helper.rb": [
        1,
        1,
        38,
        38,
        38,
        38,
        null,
        null,
        1,
        183,
        null,
        1,
        39,
        null,
        1,
        557,
        557,
        null,
        null,
        1,
        32,
        null,
        1,
        3,
        1,
        1,
        null,
        null,
        1,
        1,
        1,
        null,
        1,
        34,
        34,
        null,
        null,
        1,
        5,
        null,
        null,
        null
      ],
      "/home/begnini/Ubuntu One/6_periodo/PI4/projects/receitas_online/app/helpers/static_pages_helper.rb": [
        1,
        null
      ],
      "/home/begnini/Ubuntu One/6_periodo/PI4/projects/receitas_online/app/helpers/categories_helper.rb": [
        1,
        null
      ],
      "/home/begnini/Ubuntu One/6_periodo/PI4/projects/receitas_online/app/helpers/application_helper.rb": [
        1,
        1,
        0,
        null,
        0,
        null,
        0,
        null,
        null
      ],
      "/home/begnini/Ubuntu One/6_periodo/PI4/projects/receitas_online/spec/models/category_spec.rb": [
        1,
        null,
        1,
        1,
        2,
        null,
        null,
        3,
        null,
        2,
        null,
        2,
        null,
        null
      ],
      "/home/begnini/Ubuntu One/6_periodo/PI4/projects/receitas_online/spec/models/revenue_spec.rb": [
        1,
        null,
        1,
        null,
        13,
        1,
        13,
        null,
        13,
        null,
        2,
        2,
        2,
        2,
        2,
        2,
        null,
        2,
        null,
        2,
        null,
        1,
        2,
        2,
        null,
        1,
        2,
        2,
        null,
        1,
        2,
        2,
        null,
        1,
        2,
        2,
        null,
        null,
        null
      ],
      "/home/begnini/Ubuntu One/6_periodo/PI4/projects/receitas_online/spec/models/user_spec.rb": [
        1,
        null,
        1,
        1,
        24,
        null,
        null,
        22,
        2,
        2,
        2,
        2,
        2,
        2,
        2,
        2,
        2,
        null,
        2,
        2,
        null,
        1,
        1,
        1,
        1,
        null,
        null,
        2,
        null,
        null,
        1,
        2,
        2,
        null,
        null,
        1,
        2,
        2,
        null,
        1,
        2,
        2,
        null,
        1,
        1,
        1,
        1,
        4,
        4,
        null,
        null,
        null,
        1,
        1,
        1,
        1,
        4,
        4,
        null,
        null,
        null,
        1,
        1,
        1,
        1,
        1,
        null,
        2,
        null,
        1,
        1,
        1,
        null,
        null,
        2,
        null,
        1,
        4,
        4,
        1,
        2,
        null,
        1,
        3,
        2,
        2,
        null,
        null,
        1,
        2,
        2,
        null,
        1,
        2,
        2,
        null,
        null,
        null,
        null,
        null
      ],
      "/home/begnini/Ubuntu One/6_periodo/PI4/projects/receitas_online/spec/requests/authentication_pages_spec.rb": [
        1,
        1,
        14,
        1,
        3,
        2,
        2,
        null,
        null,
        1,
        4,
        1,
        4,
        2,
        2,
        1,
        2,
        2,
        null,
        null,
        null,
        null,
        1,
        7,
        null,
        7,
        null,
        2,
        2,
        2,
        2,
        2,
        null,
        1,
        2,
        2,
        null,
        null,
        1,
        null,
        1,
        4,
        null,
        1,
        1,
        1,
        1,
        1,
        1,
        null,
        null,
        1,
        null,
        1,
        1,
        null,
        null,
        null,
        null,
        1,
        null,
        1,
        2,
        2,
        null,
        null,
        1,
        2,
        2,
        null,
        1,
        2,
        2,
        null,
        null,
        1,
        2,
        2,
        null,
        2,
        null,
        1,
        2,
        2,
        null,
        null,
        null,
        1,
        null,
        1,
        2,
        1,
        null,
        null,
        1,
        2,
        2,
        null,
        null,
        1,
        4,
        4,
        4,
        null,
        1,
        3,
        2,
        2,
        null,
        null,
        1,
        2,
        2,
        null,
        null,
        null,
        null,
        null,
        null,
        null
      ],
      "/home/begnini/Ubuntu One/6_periodo/PI4/projects/receitas_online/spec/requests/revenue_pages_spec.rb": [
        1,
        null,
        1,
        null,
        6,
        null,
        7,
        7,
        2,
        2,
        null,
        1,
        3,
        null,
        1,
        null,
        1,
        2,
        null,
        null,
        1,
        2,
        2,
        null,
        null,
        null,
        1,
        1,
        3,
        1,
        2,
        2,
        null,
        null,
        1,
        2,
        2,
        null,
        null,
        null
      ],
      "/home/begnini/Ubuntu One/6_periodo/PI4/projects/receitas_online/spec/requests/static_pages_spec.rb": [
        1,
        1,
        7,
        null,
        1,
        3,
        2,
        2,
        null,
        null,
        1,
        3,
        2,
        2,
        null,
        1,
        3,
        2,
        2,
        null,
        null,
        null,
        null
      ],
      "/home/begnini/Ubuntu One/6_periodo/PI4/projects/receitas_online/spec/requests/user_pages_spec.rb": [
        1,
        1,
        20,
        1,
        1,
        8,
        8,
        8,
        8,
        null,
        null,
        2,
        2,
        null,
        1,
        null,
        32,
        2,
        null,
        2,
        null,
        1,
        1,
        30,
        null,
        null,
        null,
        1,
        null,
        2,
        null,
        1,
        4,
        1,
        3,
        3,
        null,
        null,
        2,
        1,
        1,
        1,
        null,
        null,
        2,
        null,
        null,
        null,
        1,
        3,
        3,
        2,
        2,
        null,
        null,
        1,
        3,
        2,
        2,
        null,
        1,
        6,
        6,
        null,
        1,
        1,
        2,
        null,
        null,
        1,
        1,
        4,
        4,
        4,
        4,
        null,
        1,
        2,
        null,
        1,
        4,
        2,
        2,
        2,
        2,
        null,
        null,
        null,
        1,
        9,
        1,
        8,
        8,
        null,
        null,
        1,
        2,
        2,
        2,
        null,
        null,
        1,
        6,
        6,
        null,
        1,
        5,
        5,
        5,
        5,
        5,
        null,
        null,
        2,
        2,
        2,
        2,
        2,
        null,
        null,
        null
      ]
    },
    "timestamp": 1386690468
  }
}
